Wearable/build/intermediates/manifest_merge_blame_file/release/manifest-merger-blame-release-report.txt
1<?xml version="1.0" encoding="utf-8"?>
2<manifest xmlns:android="http://schemas.android.com/apk/res/android"
3    package="ch.epfl.esl.blankphonewearapp"
4    android:versionCode="1"
5    android:versionName="1.0" >
6
7    <uses-sdk
8        android:minSdkVersion="23"
8-->src/main/AndroidManifest.xml
9        android:targetSdkVersion="26" />
9-->src/main/AndroidManifest.xml
10
11    <uses-feature android:name="android.hardware.type.watch" />
11-->src/main/AndroidManifest.xml:5:5-64
11-->src/main/AndroidManifest.xml:5:19-61
12
13    <uses-permission android:name="android.permission.CALL_PHONE" />
13-->src/main/AndroidManifest.xml:6:5-68
13-->src/main/AndroidManifest.xml:6:22-66
14    <uses-permission android:name="android.permission.VIBRATE" />
14-->src/main/AndroidManifest.xml:7:5-65
14-->src/main/AndroidManifest.xml:7:22-63
15
16    <meta-data
16-->[com.android.support:design:25.3.1] AndroidManifest.xml:25:5-27:34
17        android:name="android.support.VERSION"
17-->[com.android.support:design:25.3.1] AndroidManifest.xml:26:9-47
18        android:value="25.3.1" />
18-->[com.android.support:design:25.3.1] AndroidManifest.xml:27:9-31
19
20    <application
20-->src/main/AndroidManifest.xml:9:5-57:19
21        android:name="ch.epfl.esl.blankphonewearapp.MyApp"
21-->src/main/AndroidManifest.xml:10:9-30
22        android:allowBackup="true"
22-->src/main/AndroidManifest.xml:11:9-35
23        android:extractNativeLibs="false"
24        android:icon="@mipmap/ic_launcher"
24-->src/main/AndroidManifest.xml:12:9-43
25        android:label="@string/app_name"
25-->src/main/AndroidManifest.xml:13:9-41
26        android:testOnly="true"
27        android:theme="@style/Theme.AppCompat" >
27-->src/main/AndroidManifest.xml:14:9-47
28        <meta-data
28-->src/main/AndroidManifest.xml:17:9-19:37
29            android:name="com.google.android.wearable.standalone"
29-->src/main/AndroidManifest.xml:18:13-66
30            android:value="false" />
30-->src/main/AndroidManifest.xml:19:13-34
31        <meta-data
31-->src/main/AndroidManifest.xml:21:9-23:65
32            android:name="com.google.android.gms.version"
32-->src/main/AndroidManifest.xml:22:9-54
33            android:value="@integer/google_play_services_version" />
33-->src/main/AndroidManifest.xml:23:9-62
34
35        <service android:name="ch.epfl.esl.blankphonewearapp.DataLayerListenerService" >
35-->src/main/AndroidManifest.xml:25:9-42:19
35-->src/main/AndroidManifest.xml:25:18-58
36            <intent-filter>
36-->src/main/AndroidManifest.xml:26:13-34:29
37                <action android:name="com.google.android.gms.wearable.DATA_CHANGED" />
37-->src/main/AndroidManifest.xml:27:17-87
37-->src/main/AndroidManifest.xml:27:25-84
38                <!-- Below, use android:pathPrefix="/count" to only have messages with count -->
39                <!-- but we also want the "/image" path -->
40                <data
40-->src/main/AndroidManifest.xml:30:17-33:45
41                    android:host="*"
41-->src/main/AndroidManifest.xml:31:21-37
42                    android:pathPrefix="/notification"
42-->src/main/AndroidManifest.xml:32:21-55
43                    android:scheme="wear" />
43-->src/main/AndroidManifest.xml:33:21-42
44            </intent-filter>
45            <intent-filter>
45-->src/main/AndroidManifest.xml:35:13-41:29
46                <action android:name="com.google.android.gms.wearable.MESSAGE_RECEIVED" />
46-->src/main/AndroidManifest.xml:36:17-91
46-->src/main/AndroidManifest.xml:36:25-88
47
48                <data
48-->src/main/AndroidManifest.xml:30:17-33:45
49                    android:host="*"
49-->src/main/AndroidManifest.xml:31:21-37
50                    android:pathPrefix="/start-activity"
50-->src/main/AndroidManifest.xml:32:21-55
51                    android:scheme="wear" />
51-->src/main/AndroidManifest.xml:33:21-42
52            </intent-filter>
53        </service>
54
55        <activity
55-->src/main/AndroidManifest.xml:44:9-55:20
56            android:name="ch.epfl.esl.blankphonewearapp.MainActivity"
56-->src/main/AndroidManifest.xml:45:13-41
57            android:label="@string/app_name" >
57-->src/main/AndroidManifest.xml:46:13-45
58            <intent-filter>
58-->src/main/AndroidManifest.xml:47:13-50:29
59                <action android:name="android.intent.action.MAIN" />
59-->src/main/AndroidManifest.xml:48:17-69
59-->src/main/AndroidManifest.xml:48:25-66
60
61                <category android:name="android.intent.category.LAUNCHER" />
61-->src/main/AndroidManifest.xml:49:17-77
61-->src/main/AndroidManifest.xml:49:27-74
62            </intent-filter>
63            <intent-filter>
63-->src/main/AndroidManifest.xml:51:13-54:29
64                <action android:name="com.example.android.wearable.datalayer.EXAMPLE" />
64-->src/main/AndroidManifest.xml:52:17-89
64-->src/main/AndroidManifest.xml:52:25-86
65
66                <category android:name="android.intent.category.DEFAULT" />
66-->src/main/AndroidManifest.xml:53:17-76
66-->src/main/AndroidManifest.xml:53:27-73
67            </intent-filter>
68        </activity>
69    </application>
70
71</manifest>